           _                 _    
  __ _  __| |_ __ __ _ _ __ | |_  
 / _` |/ _` | '__/ _` | '_ \| __| 
| (_| | (_| | | | (_| | | | | |_  
 \__, |\__,_|_|  \__,_|_| |_|\__| 
    |_|                           

Version: 1.11.4, build: d8b6e4a0
Access web UI at http://localhost:6333/dashboard

2024-09-24T12:57:31.193029Z  INFO storage::content_manager::consensus::persistent: Loading raft state from ./storage/raft_state.json    
2024-09-24T12:57:31.194962Z DEBUG storage::content_manager::consensus::persistent: State: Persistent { state: RaftState { hard_state: HardState { term: 0, vote: 0, commit: 0 }, conf_state: ConfState { voters: [4230452169600576], learners: [], voters_outgoing: [], learners_next: [], auto_leave: false } }, latest_snapshot_meta: SnapshotMetadataSer { term: 0, index: 0 }, apply_progress_queue: EntryApplyProgressQueue(None), peer_address_by_id: RwLock { data: {} }, peer_metadata_by_id: RwLock { data: {} }, cluster_metadata: {}, this_peer_id: 4230452169600576, path: "./storage/raft_state.json", dirty: false }    
2024-09-24T12:57:31.257292Z  INFO storage::content_manager::toc: Loading collection: default    
2024-09-24T12:57:31.528469Z  INFO collection::shards::local_shard: Recovering collection default: 0/1 (0%)    
2024-09-24T12:57:31.587285Z  INFO collection::shards::local_shard: Recovered collection default: 1/1 (100%)    
2024-09-24T12:57:31.593500Z DEBUG qdrant: Loaded collection: default    
2024-09-24T12:57:31.593516Z  INFO qdrant: Distributed mode disabled    
2024-09-24T12:57:31.594726Z  INFO qdrant: Telemetry reporting disabled    
2024-09-24T12:57:31.595438Z DEBUG qdrant: Waiting for thread web to finish    
2024-09-24T12:57:31.599252Z  WARN qdrant::actix::web_ui: Static content folder for Web UI './static' does not exist    
2024-09-24T12:57:31.600793Z  INFO qdrant::actix: TLS disabled for REST API    
2024-09-24T12:57:31.601304Z  INFO qdrant::actix: Qdrant HTTP listening on 6333    
2024-09-24T12:57:31.601316Z  INFO actix_server::builder: Starting 11 workers
2024-09-24T12:57:31.601335Z  INFO actix_server::server: Actix runtime found; starting in Actix runtime
2024-09-24T12:57:31.605076Z  INFO qdrant::tonic: Qdrant gRPC listening on 6334    
2024-09-24T12:57:31.605100Z  INFO qdrant::tonic: TLS disabled for gRPC API    
2024-09-24T12:57:41.195703Z  INFO storage::content_manager::toc::collection_meta_ops: Deleting collection default    
2024-09-24T12:57:41.196787Z DEBUG collection::update_handler: Stopping flush worker.    
2024-09-24T12:57:41.204404Z  INFO actix_web::middleware::logger: 127.0.0.1 "DELETE /collections/default HTTP/1.1" 200 48 "-" "curl/7.81.0" 0.009347    
2024-09-24T12:58:20.909610Z DEBUG storage::content_manager::snapshots::recover: Downloading snapshot from file:///home/vansh/gaianet/qdrant/snapshots/default/default.snapshot to /home/vansh/gaianet/qdrant/./snapshots/tmp/download-nH69Bk    
2024-09-24T12:58:20.909812Z DEBUG storage::content_manager::snapshots::recover: Snapshot downloaded to /home/vansh/gaianet/qdrant/snapshots/default/default.snapshot    
2024-09-24T12:58:20.926742Z DEBUG storage::content_manager::snapshots::recover: Recovering collection default from snapshot /home/vansh/gaianet/qdrant/snapshots/default/default.snapshot    
2024-09-24T12:58:20.926765Z DEBUG storage::content_manager::snapshots::recover: Unpacking snapshot to /home/vansh/gaianet/qdrant/./storage/tmp/col-default-recovery-GrvkaB    
2024-09-24T12:58:25.504744Z DEBUG storage::content_manager::snapshots::recover: Collection default does not exist, creating it    
2024-09-24T12:58:25.505419Z  INFO storage::content_manager::toc::collection_meta_ops: Creating collection default    
2024-09-24T12:58:26.750625Z DEBUG collection::collection: Changing shard default:0 replica state from Some(Initializing) to Active    
2024-09-24T12:58:26.750752Z DEBUG collection::shards::replica_set: Changing local shard default:0 state from Some(Initializing) to Active    
2024-09-24T12:58:26.769914Z DEBUG storage::content_manager::snapshots::recover: Recovering shard 0 from /home/vansh/gaianet/qdrant/./storage/tmp/col-default-recovery-GrvkaB/0    
2024-09-24T12:58:26.771741Z DEBUG collection::update_handler: Stopping flush worker.    
2024-09-24T12:58:27.406521Z  INFO collection::shards::local_shard: Recovering collection default: 0/25 (0%)    
2024-09-24T12:58:27.611043Z  INFO collection::shards::local_shard: Recovered collection default: 25/25 (100%)    
2024-09-24T12:58:27.618452Z DEBUG storage::content_manager::snapshots::recover: Activating shard 0 of collection default locally    
2024-09-24T12:58:27.618526Z DEBUG collection::collection: Changing shard default:0 replica state from Some(Active) to Active    
2024-09-24T12:58:27.618536Z DEBUG collection::shards::replica_set: Changing local shard default:0 state from Some(Active) to Active    
2024-09-24T12:58:27.647996Z  INFO actix_web::middleware::logger: 127.0.0.1 "POST /collections/default/snapshots/upload?priority=snapshot HTTP/1.1" 200 48 "-" "curl/7.81.0" 7.464320    
2024-09-24T12:58:32.671557Z DEBUG qdrant::tonic: Stopping gRPC service on SIGTERM    
2024-09-24T12:58:32.672961Z  INFO actix_server::server: SIGTERM received; starting graceful shutdown
2024-09-24T12:58:32.673303Z  INFO actix_server::worker: Shutting down idle worker
2024-09-24T12:58:32.673316Z DEBUG actix_server::accept: Paused accepting connections on 127.0.0.1:6333
2024-09-24T12:58:32.673339Z  INFO actix_server::accept: Accept thread stopped
2024-09-24T12:58:32.673307Z  INFO actix_server::worker: Shutting down idle worker
2024-09-24T12:58:32.673332Z  INFO actix_server::worker: Shutting down idle worker
2024-09-24T12:58:32.673363Z  INFO actix_server::worker: Shutting down idle worker
2024-09-24T12:58:32.673371Z  INFO actix_server::worker: Shutting down idle worker
2024-09-24T12:58:32.673417Z  INFO actix_server::worker: Shutting down idle worker
2024-09-24T12:58:32.673355Z  INFO actix_server::worker: Shutting down idle worker
2024-09-24T12:58:32.673393Z  INFO actix_server::worker: Shutting down idle worker
2024-09-24T12:58:32.673494Z  INFO actix_server::worker: Shutting down idle worker
2024-09-24T12:58:32.673581Z  INFO actix_server::worker: Shutting down idle worker
2024-09-24T12:58:32.673423Z  INFO actix_server::worker: Shutting down idle worker
2024-09-24T12:58:32.977980Z DEBUG qdrant: Waiting for thread grpc to finish    
2024-09-24T12:58:32.978540Z DEBUG collection::update_handler: Stopping flush worker.    
